e:\github\cse335\step5\canadian\canadianexperience\canadianexperience\debug\canadianexperience.pch
e:\github\cse335\step5\canadian\canadianexperience\canadianexperience\debug\vc142.pdb
e:\github\cse335\step5\canadian\canadianexperience\canadianexperience\debug\vc142.idb
e:\github\cse335\step5\canadian\canadianexperience\canadianexperience\debug\pch.obj
e:\github\cse335\step5\canadian\canadianexperience\canadianexperience\debug\pictureobserver.obj
e:\github\cse335\step5\canadian\canadianexperience\canadianexperience\debug\picture.obj
e:\github\cse335\step5\canadian\canadianexperience\canadianexperience\debug\viewedit.obj
e:\github\cse335\step5\canadian\canadianexperience\canadianexperience\debug\mainfrm.obj
e:\github\cse335\step5\canadian\canadianexperience\canadianexperience\debug\drawable.obj
e:\github\cse335\step5\canadian\canadianexperience\canadianexperience\debug\actor.obj
e:\github\cse335\step5\canadian\canadianexperience\canadianexperience\debug\polydrawable.obj
e:\github\cse335\step5\canadian\canadianexperience\canadianexperience\debug\picturefactory.obj
e:\github\cse335\step5\canadian\canadianexperience\canadianexperience\debug\haroldfactory.obj
e:\github\cse335\step5\canadian\canadianexperience\canadianexperience\debug\actorfactory.obj
e:\github\cse335\step5\canadian\canadianexperience\canadianexperience\debug\viewtimeline.obj
e:\github\cse335\step5\canadian\canadianexperience\canadianexperience\debug\canadianexperience.obj
e:\github\cse335\step5\canadian\canadianexperience\canadianexperience\debug\headtop.obj
e:\github\cse335\step5\canadian\canadianexperience\canadianexperience\debug\unmaskedspartyfactory.obj
e:\github\cse335\step5\canadian\canadianexperience\canadianexperience\debug\imagedrawable.obj
e:\github\cse335\step5\canadian\canadianexperience\canadianexperience\debug\timeline.obj
e:\github\cse335\step5\canadian\canadianexperience\debug\canadianexperience.exe
e:\github\cse335\step5\canadian\canadianexperience\debug\canadianexperience.ilk
e:\github\cse335\step5\canadian\canadianexperience\debug\canadianexperience.pdb
e:\github\cse335\step5\canadian\canadianexperience\canadianexperience\debug\canadianexperience.res
e:\github\cse335\step5\canadian\canadianexperience\canadianexperience\debug\canadian.cf406c07.tlog\cl.command.1.tlog
e:\github\cse335\step5\canadian\canadianexperience\canadianexperience\debug\canadian.cf406c07.tlog\cl.read.1.tlog
e:\github\cse335\step5\canadian\canadianexperience\canadianexperience\debug\canadian.cf406c07.tlog\cl.write.1.tlog
e:\github\cse335\step5\canadian\canadianexperience\canadianexperience\debug\canadian.cf406c07.tlog\link.command.1.tlog
e:\github\cse335\step5\canadian\canadianexperience\canadianexperience\debug\canadian.cf406c07.tlog\link.read.1.tlog
e:\github\cse335\step5\canadian\canadianexperience\canadianexperience\debug\canadian.cf406c07.tlog\link.write.1.tlog
e:\github\cse335\step5\canadian\canadianexperience\canadianexperience\debug\canadian.cf406c07.tlog\rc.command.1.tlog
e:\github\cse335\step5\canadian\canadianexperience\canadianexperience\debug\canadian.cf406c07.tlog\rc.read.1.tlog
e:\github\cse335\step5\canadian\canadianexperience\canadianexperience\debug\canadian.cf406c07.tlog\rc.write.1.tlog
